\BOOKMARK [0][-]{chapter*.3}{Sum\341rio}{}
\BOOKMARK [0][-]{chapter*.4}{Lista de Figuras}{}
\BOOKMARK [0][-]{chapter*.5}{Lista de Tabelas}{}
\BOOKMARK [0][-]{chapter*.6}{Lista de C\363digos}{}
\BOOKMARK [0][-]{chapter.1}{Introdu\347\343o}{}
\BOOKMARK [1][-]{section.1.1}{Objetivos}{chapter.1}
\BOOKMARK [2][-]{subsection.1.1.1}{Objetivo Geral}{section.1.1}
\BOOKMARK [2][-]{subsection.1.1.2}{Objetivos Espec\355ficos}{section.1.1}
\BOOKMARK [1][-]{section.1.2}{Metodologia}{chapter.1}
\BOOKMARK [1][-]{section.1.3}{Estrutura do Trabalho}{chapter.1}
\BOOKMARK [0][-]{chapter.2}{O padr\343o IEEE 802.15.4 e o protocolo ZigBee}{}
\BOOKMARK [1][-]{section.2.1}{O IEEE 802.15.4}{chapter.2}
\BOOKMARK [2][-]{subsection.2.1.1}{Entendendo o padr\343o 802.15.4}{section.2.1}
\BOOKMARK [1][-]{section.2.2}{O protocolo ZigBee}{chapter.2}
\BOOKMARK [2][-]{subsection.2.2.1}{Entendendo o ZigBee}{section.2.2}
\BOOKMARK [2][-]{subsection.2.2.2}{Como trabalha uma rede ZigBee}{section.2.2}
\BOOKMARK [2][-]{subsection.2.2.3}{ZigBee vs ZigBee Pro}{section.2.2}
\BOOKMARK [2][-]{subsection.2.2.4}{802.15.4 vs ZigBee}{section.2.2}
\BOOKMARK [1][-]{section.2.3}{Seguran\347a no padr\343o IEEE 802.15.4 e protocolo ZigBee}{chapter.2}
\BOOKMARK [2][-]{subsection.2.3.1}{Um vis\343o geral da seguran\347a no IEEE 802.15.4}{section.2.3}
\BOOKMARK [2][-]{subsection.2.3.2}{Insights de seguran\347a do 802.15.4}{section.2.3}
\BOOKMARK [2][-]{subsection.2.3.3}{A lista de controle de acesso}{section.2.3}
\BOOKMARK [2][-]{subsection.2.3.4}{Seguran\347a ZigBee}{section.2.3}
\BOOKMARK [0][-]{chapter.3}{ O microcontrolador e o m\363dulo sonar}{}
\BOOKMARK [1][-]{section.3.1}{O microcontrolador PIC16F628A}{chapter.3}
\BOOKMARK [2][-]{subsection.3.1.1}{O PIC16F628A}{section.3.1}
\BOOKMARK [1][-]{section.3.2}{O m\363dulo sonar}{chapter.3}
\BOOKMARK [2][-]{subsection.3.2.1}{O som}{section.3.2}
\BOOKMARK [2][-]{subsection.3.2.2}{Velocidade do som}{section.3.2}
\BOOKMARK [2][-]{subsection.3.2.3}{Reflex\343o do som}{section.3.2}
\BOOKMARK [2][-]{subsection.3.2.4}{Funcionamento b\341sico do sensor}{section.3.2}
\BOOKMARK [0][-]{chapter.4}{Implementa\347\343o do projeto}{}
\BOOKMARK [1][-]{section.4.1}{A l\363gica do PIC16F628A}{chapter.4}
\BOOKMARK [1][-]{section.4.2}{Os m\363dulos XBee Pro S\351rie 2}{chapter.4}
\BOOKMARK [2][-]{subsection.4.2.1}{Adaptador/Conversor USB}{section.4.2}
\BOOKMARK [1][-]{section.4.3}{O Software de gerenciamento}{chapter.4}
\BOOKMARK [0][-]{chapter.5}{Conclus\365es}{}
\BOOKMARK [1][-]{subsection.5.0.1}{O sensor}{chapter.5}
\BOOKMARK [2][-]{subsection.5.0.2}{O m\363dulo XBee}{subsection.5.0.1}
\BOOKMARK [2][-]{subsection.5.0.3}{O PIC16F628A}{subsection.5.0.1}
\BOOKMARK [2][-]{subsection.5.0.4}{XBee-api para Java}{subsection.5.0.1}
\BOOKMARK [2][-]{subsection.5.0.5}{Considera\347\365es gerais}{subsection.5.0.1}
\BOOKMARK [0][-]{subsection.5.0.5}{Refer\352ncias bibliogr\341ficas}{}
\BOOKMARK [0][-]{appendix.A}{Informa\347\365es adicionais}{}
\BOOKMARK [1][-]{section.A.1}{C\363digos fontes}{appendix.A}
