This is pdfTeX, Version 3.1415926-1.40.10 (TeX Live 2009/Debian) (format=pdflatex 2010.9.28)  23 DEC 2010 17:51
entering extended mode
 restricted \write18 enabled.
 %&-line parsing enabled.
**principal.tex
(./principal.tex
LaTeX2e <2009/09/24>
Babel <v3.8l> and hyphenation patterns for english, usenglishmax, dumylang, noh
yphenation, portuguese, loaded.
(/usr/share/texmf-texlive/tex/latex/base/book.cls
Document Class: book 2007/10/19 v1.4h Standard LaTeX document class
(/usr/share/texmf-texlive/tex/latex/base/bk12.clo
File: bk12.clo 2007/10/19 v1.4h Standard LaTeX file (size option)
)
\c@part=\count79
\c@chapter=\count80
\c@section=\count81
\c@subsection=\count82
\c@subsubsection=\count83
\c@paragraph=\count84
\c@subparagraph=\count85
\c@figure=\count86
\c@table=\count87
\abovecaptionskip=\skip41
\belowcaptionskip=\skip42
\bibindent=\dimen102
)
(/usr/share/texmf-texlive/tex/latex/base/inputenc.sty
Package: inputenc 2008/03/30 v1.1d Input encoding file
\inpenc@prehook=\toks14
\inpenc@posthook=\toks15

(/usr/share/texmf-texlive/tex/latex/base/latin1.def
File: latin1.def 2008/03/30 v1.1d Input encoding file
))
(/usr/share/texmf-texlive/tex/latex/ae/ae.sty
Package: ae 2001/02/12 1.3 Almost European Computer Modern

(/usr/share/texmf-texlive/tex/latex/base/fontenc.sty
Package: fontenc 2005/09/27 v1.99g Standard LaTeX package

(/usr/share/texmf-texlive/tex/latex/base/t1enc.def
File: t1enc.def 2005/09/27 v1.99g Standard LaTeX file
LaTeX Font Info:    Redeclaring font encoding T1 on input line 43.
)
LaTeX Font Info:    Try loading font information for T1+aer on input line 100.

(/usr/share/texmf-texlive/tex/latex/ae/t1aer.fd
File: t1aer.fd 1997/11/16 Font definitions for T1/aer.
)))
(/usr/share/texmf-texlive/tex/latex/pslatex/pslatex.sty
Package: pslatex 1996/07/24 v1.2 pslatex emulation (DPC)
LaTeX Font Info:    Redeclaring symbol font `operators' on input line 65.
LaTeX Font Info:    Overwriting symbol font `operators' in version `normal'
(Font)                  OT1/cmr/m/n --> OT1/ptmcm/m/n on input line 65.
LaTeX Font Info:    Overwriting symbol font `operators' in version `bold'
(Font)                  OT1/cmr/bx/n --> OT1/ptmcm/m/n on input line 65.
LaTeX Font Info:    Redeclaring symbol font `letters' on input line 66.
LaTeX Font Info:    Overwriting symbol font `letters' in version `normal'
(Font)                  OML/cmm/m/it --> OML/ptmcm/m/it on input line 66.
LaTeX Font Info:    Overwriting symbol font `letters' in version `bold'
(Font)                  OML/cmm/b/it --> OML/ptmcm/m/it on input line 66.
LaTeX Font Info:    Redeclaring symbol font `symbols' on input line 67.
LaTeX Font Info:    Overwriting symbol font `symbols' in version `normal'
(Font)                  OMS/cmsy/m/n --> OMS/pzccm/m/n on input line 67.
LaTeX Font Info:    Overwriting symbol font `symbols' in version `bold'
(Font)                  OMS/cmsy/b/n --> OMS/pzccm/m/n on input line 67.
LaTeX Font Info:    Redeclaring symbol font `largesymbols' on input line 68.
LaTeX Font Info:    Overwriting symbol font `largesymbols' in version `normal'
(Font)                  OMX/cmex/m/n --> OMX/psycm/m/n on input line 68.
LaTeX Font Info:    Overwriting symbol font `largesymbols' in version `bold'
(Font)                  OMX/cmex/m/n --> OMX/psycm/m/n on input line 68.
\symbold=\mathgroup4
\symitalic=\mathgroup5
LaTeX Font Info:    Redeclaring math alphabet \mathbf on input line 74.
LaTeX Font Info:    Overwriting math alphabet `\mathbf' in version `normal'
(Font)                  OT1/cmr/bx/n --> OT1/ptm/bx/n on input line 74.
LaTeX Font Info:    Overwriting math alphabet `\mathbf' in version `bold'
(Font)                  OT1/cmr/bx/n --> OT1/ptm/bx/n on input line 74.
LaTeX Font Info:    Redeclaring math alphabet \mathit on input line 75.
LaTeX Font Info:    Overwriting math alphabet `\mathit' in version `normal'
(Font)                  OT1/cmr/m/it --> OT1/ptm/m/it on input line 75.
LaTeX Font Info:    Overwriting math alphabet `\mathit' in version `bold'
(Font)                  OT1/cmr/bx/it --> OT1/ptm/m/it on input line 75.
)
(/usr/share/texmf-texlive/tex/generic/babel/babel.sty
Package: babel 2008/07/06 v3.8l The Babel package

(/usr/share/texmf-texlive/tex/generic/babel/portuges.ldf
Language: portuges 2008/03/18 v1.2q Portuguese support from the babel system

(/usr/share/texmf-texlive/tex/generic/babel/babel.def
File: babel.def 2008/07/06 v3.8l Babel common definitions
\babel@savecnt=\count88
\U@D=\dimen103
)
Package babel Info: Making " an active character on input line 145.
)
(/usr/share/texmf-texlive/tex/generic/babel/portuges.ldf
Language: portuges 2008/03/18 v1.2q Portuguese support from the babel system
\l@brazil = a dialect from \language\l@portuges 
))
(/usr/share/texmf-texlive/tex/latex/tools/indentfirst.sty
Package: indentfirst 1995/11/23 v1.03 Indent first paragraph (DPC)
)
(/usr/share/texmf-texlive/tex/latex/graphics/graphicx.sty
Package: graphicx 1999/02/16 v1.0f Enhanced LaTeX Graphics (DPC,SPQR)

(/usr/share/texmf-texlive/tex/latex/graphics/keyval.sty
Package: keyval 1999/03/16 v1.13 key=value parser (DPC)
\KV@toks@=\toks16
)
(/usr/share/texmf-texlive/tex/latex/graphics/graphics.sty
Package: graphics 2009/02/05 v1.0o Standard LaTeX Graphics (DPC,SPQR)

(/usr/share/texmf-texlive/tex/latex/graphics/trig.sty
Package: trig 1999/03/16 v1.09 sin cos tan (DPC)
)
(/etc/texmf/tex/latex/config/graphics.cfg
File: graphics.cfg 2009/08/28 v1.8 graphics configuration of TeX Live
)
Package graphics Info: Driver file: pdftex.def on input line 91.

(/usr/share/texmf-texlive/tex/latex/pdftex-def/pdftex.def
File: pdftex.def 2010/03/12 v0.04p Graphics/color for pdfTeX
\Gread@gobject=\count89
))
\Gin@req@height=\dimen104
\Gin@req@width=\dimen105
)
(/usr/share/texmf-texlive/tex/latex/nomencl/nomencl.sty
Package: nomencl 2005/09/22 v4.2 Nomenclature package (LN)
\nomlabelwidth=\dimen106
\nom@tempdim=\dimen107
\nomitemsep=\skip43
)
(/usr/share/texmf-texlive/tex/latex/setspace/setspace.sty
Package: setspace 2000/12/01 6.7 Contributed and Supported LaTeX2e package

Package: `setspace' 6.7 <2000/12/01>
) (/usr/share/texmf-texlive/tex/latex/amsmath/amsmath.sty
Package: amsmath 2000/07/18 v2.13 AMS math features
\@mathmargin=\skip44

For additional information on amsmath, use the `?' option.
(/usr/share/texmf-texlive/tex/latex/amsmath/amstext.sty
Package: amstext 2000/06/29 v2.01

(/usr/share/texmf-texlive/tex/latex/amsmath/amsgen.sty
File: amsgen.sty 1999/11/30 v2.0
\@emptytoks=\toks17
\ex@=\dimen108
))
(/usr/share/texmf-texlive/tex/latex/amsmath/amsbsy.sty
Package: amsbsy 1999/11/29 v1.2d
\pmbraise@=\dimen109
)
(/usr/share/texmf-texlive/tex/latex/amsmath/amsopn.sty
Package: amsopn 1999/12/14 v2.01 operator names
)
\inf@bad=\count90
LaTeX Info: Redefining \frac on input line 211.
\uproot@=\count91
\leftroot@=\count92
LaTeX Info: Redefining \overline on input line 307.
\classnum@=\count93
\DOTSCASE@=\count94
LaTeX Info: Redefining \ldots on input line 379.
LaTeX Info: Redefining \dots on input line 382.
LaTeX Info: Redefining \cdots on input line 467.
\Mathstrutbox@=\box26
\strutbox@=\box27
\big@size=\dimen110
LaTeX Font Info:    Redeclaring font encoding OML on input line 567.
LaTeX Font Info:    Redeclaring font encoding OMS on input line 568.
\macc@depth=\count95
\c@MaxMatrixCols=\count96
\dotsspace@=\muskip10
\c@parentequation=\count97
\dspbrk@lvl=\count98
\tag@help=\toks18
\row@=\count99
\column@=\count100
\maxfields@=\count101
\andhelp@=\toks19
\eqnshift@=\dimen111
\alignsep@=\dimen112
\tagshift@=\dimen113
\tagwidth@=\dimen114
\totwidth@=\dimen115
\lineht@=\dimen116
\@envbody=\toks20
\multlinegap=\skip45
\multlinetaggap=\skip46
\mathdisplay@stack=\toks21
LaTeX Info: Redefining \[ on input line 2666.
LaTeX Info: Redefining \] on input line 2667.
)
(/usr/share/texmf-texlive/tex/latex/tools/verbatim.sty
Package: verbatim 2003/08/22 v1.5q LaTeX2e package for verbatim enhancements
\every@verbatim=\toks22
\verbatim@line=\toks23
\verbatim@in@stream=\read1
)
(/usr/share/texmf-texlive/tex/latex/tools/tabularx.sty
Package: tabularx 1999/01/07 v2.07 `tabularx' package (DPC)

(/usr/share/texmf-texlive/tex/latex/tools/array.sty
Package: array 2008/09/09 v2.4c Tabular extension package (FMi)
\col@sep=\dimen117
\extrarowheight=\dimen118
\NC@list=\toks24
\extratabsurround=\skip47
\backup@length=\skip48
)
\TX@col@width=\dimen119
\TX@old@table=\dimen120
\TX@old@col=\dimen121
\TX@target=\dimen122
\TX@delta=\dimen123
\TX@cols=\count102
\TX@ftn=\toks25
)
(/usr/share/texmf-texlive/tex/latex/tools/afterpage.sty
Package: afterpage 1995/10/27 v1.08 After-Page Package (DPC)
\AP@output=\toks26
\AP@partial=\box28
\AP@footins=\box29
)
(/usr/share/texmf-texlive/tex/latex/ltxmisc/url.sty
\Urlmuskip=\muskip11
Package: url 2006/04/12  ver 3.3  Verb mode for urls, etc.
) (./noitemsep.sty)
(./harvard.sty
Package: harvard 
 (/usr/share/texmf-texlive/tex/latex/base/ifthen.sty
Package: ifthen 2001/05/26 v1.1c Standard LaTeX ifthen package (DPC)
)
(/usr/share/texmf/tex/latex/html/html.sty
(/usr/share/texmf-texlive/tex/latex/hyperref/hyperref.sty
Package: hyperref 2009/10/09 v6.79a Hypertext links for LaTeX

(/usr/share/texmf-texlive/tex/generic/oberdiek/ifpdf.sty
Package: ifpdf 2009/04/10 v2.0 Provides the ifpdf switch (HO)
Package ifpdf Info: pdfTeX in pdf mode detected.
)
(/usr/share/texmf-texlive/tex/generic/oberdiek/ifvtex.sty
Package: ifvtex 2008/11/04 v1.4 Switches for detecting VTeX and its modes (HO)
Package ifvtex Info: VTeX not detected.
)
(/usr/share/texmf-texlive/tex/generic/ifxetex/ifxetex.sty
Package: ifxetex 2009/01/23 v0.5 Provides ifxetex conditional
)
(/usr/share/texmf-texlive/tex/latex/oberdiek/hycolor.sty
Package: hycolor 2009/10/02 v1.5 Code for color options of hyperref/bookmark (H
O)

(/usr/share/texmf-texlive/tex/latex/oberdiek/xcolor-patch.sty
Package: xcolor-patch 2009/10/02 xcolor patch
))
\@linkdim=\dimen124
\Hy@linkcounter=\count103
\Hy@pagecounter=\count104

(/usr/share/texmf-texlive/tex/latex/hyperref/pd1enc.def
File: pd1enc.def 2009/10/09 v6.79a Hyperref: PDFDocEncoding definition (HO)
)
(/usr/share/texmf-texlive/tex/generic/oberdiek/etexcmds.sty
Package: etexcmds 2007/12/12 v1.2 Prefix for e-TeX command names (HO)

(/usr/share/texmf-texlive/tex/generic/oberdiek/infwarerr.sty
Package: infwarerr 2007/09/09 v1.2 Providing info/warning/message (HO)
)
Package etexcmds Info: Could not find \expanded.
(etexcmds)             That can mean that you are not using pdfTeX 1.50 or
(etexcmds)             that some package has redefined \expanded.
(etexcmds)             In the latter case, load this package earlier.
)
(/usr/share/texmf-texlive/tex/latex/latexconfig/hyperref.cfg
File: hyperref.cfg 2002/06/06 v1.2 hyperref configuration of TeXLive
)
(/usr/share/texmf-texlive/tex/latex/oberdiek/kvoptions.sty
Package: kvoptions 2009/08/13 v3.4 Keyval support for LaTeX options (HO)

(/usr/share/texmf-texlive/tex/generic/oberdiek/kvsetkeys.sty
Package: kvsetkeys 2009/07/30 v1.5 Key value parser with default handler suppor
t (HO)
))
Package hyperref Info: Hyper figures OFF on input line 2975.
Package hyperref Info: Link nesting OFF on input line 2980.
Package hyperref Info: Hyper index ON on input line 2983.
Package hyperref Info: Plain pages OFF on input line 2990.
Package hyperref Info: Backreferencing OFF on input line 2995.

Implicit mode ON; LaTeX internals redefined
Package hyperref Info: Bookmarks ON on input line 3191.
LaTeX Info: Redefining \url on input line 3428.
(/usr/share/texmf-texlive/tex/generic/oberdiek/bitset.sty
Package: bitset 2007/09/28 v1.0 Data type bit set (HO)

(/usr/share/texmf-texlive/tex/generic/oberdiek/intcalc.sty
Package: intcalc 2007/09/27 v1.1 Expandable integer calculations (HO)
)
(/usr/share/texmf-texlive/tex/generic/oberdiek/bigintcalc.sty
Package: bigintcalc 2007/11/11 v1.1 Expandable big integer calculations (HO)

(/usr/share/texmf-texlive/tex/generic/oberdiek/pdftexcmds.sty
Package: pdftexcmds 2009/09/23 v0.6 LuaTeX support for pdfTeX utility functions
 (HO)

(/usr/share/texmf-texlive/tex/generic/oberdiek/ifluatex.sty
Package: ifluatex 2009/04/17 v1.2 Provides the ifluatex switch (HO)
Package ifluatex Info: LuaTeX not detected.
)
(/usr/share/texmf-texlive/tex/generic/oberdiek/ltxcmds.sty
Package: ltxcmds 2009/08/05 v1.0 Some LaTeX kernel commands for general use (HO
)
)
Package pdftexcmds Info: LuaTeX not detected.
Package pdftexcmds Info: \pdf@primitive is available.
Package pdftexcmds Info: \pdf@ifprimitive is available.
)))
\Fld@menulength=\count105
\Field@Width=\dimen125
\Fld@charsize=\dimen126
\Field@toks=\toks27
Package hyperref Info: Hyper figures OFF on input line 4377.
Package hyperref Info: Link nesting OFF on input line 4382.
Package hyperref Info: Hyper index ON on input line 4385.
Package hyperref Info: backreferencing OFF on input line 4392.
Package hyperref Info: Link coloring OFF on input line 4397.
Package hyperref Info: Link coloring with OCG OFF on input line 4402.
Package hyperref Info: PDF/A mode OFF on input line 4407.

(/usr/share/texmf-texlive/tex/generic/oberdiek/atbegshi.sty
Package: atbegshi 2008/07/31 v1.9 At begin shipout hook (HO)
)
\Hy@abspage=\count106
\c@Item=\count107
)
*hyperref using driver hpdftex*
(/usr/share/texmf-texlive/tex/latex/hyperref/hpdftex.def
File: hpdftex.def 2009/10/09 v6.79a Hyperref driver for pdfTeX
\Fld@listcount=\count108
)
Package: html 1999/07/19 v1.38 hypertext commands for latex2html (nd, hws, rrm)

\c@lpart=\count109
\c@lchapter=\count110
\c@lsection=\count111
\c@lsubsection=\count112
\c@lsubsubsection=\count113
\c@lparagraph=\count114
\c@lsubparagraph=\count115
\c@lsubsubparagraph=\count116
\ptrfile=\write3
))
(/usr/share/texmf-texlive/tex/latex/graphics/color.sty
Package: color 2005/11/14 v1.0j Standard LaTeX Color (DPC)

(/etc/texmf/tex/latex/config/color.cfg
File: color.cfg 2007/01/18 v1.5 color configuration of teTeX/TeXLive
)
Package color Info: Driver file: pdftex.def on input line 130.
)
(/usr/share/texmf-texlive/tex/latex/multirow/multirow.sty
\bigstrutjot=\dimen127
) (./capitulos.sty
Package: capitulos 1997/10/06 Chapter headers a la Bjarne Stroustrup
)
(./comandos.tex) (/usr/share/texmf-texlive/tex/latex/listings/listings.sty
\lst@mode=\count117
\lst@gtempboxa=\box30
\lst@token=\toks28
\lst@length=\count118
\lst@currlwidth=\dimen128
\lst@column=\count119
\lst@pos=\count120
\lst@lostspace=\dimen129
\lst@width=\dimen130
\lst@newlines=\count121
\lst@lineno=\count122
\lst@maxwidth=\dimen131

(/usr/share/texmf-texlive/tex/latex/listings/lstmisc.sty
File: lstmisc.sty 2007/02/22 1.4 (Carsten Heinz)
\c@lstnumber=\count123
\lst@skipnumbers=\count124
\lst@framebox=\box31
)
(/usr/share/texmf-texlive/tex/latex/listings/listings.cfg
File: listings.cfg 2007/02/22 1.4 listings configuration
))
Package: listings 2007/02/22 1.4 (Carsten Heinz)
 (./principal.aux
(./rosto.aux) (./preambulo.aux) (./resumos.aux) (./capitulo1/introducao.aux)
(./capitulo2/capitulo2.aux) (./capitulo3/capitulo3.aux)
(./capitulo4/capitulo4.aux) (./capitulo5/conclusao.aux)
(./apendice/apendice.aux))
\openout1 = `principal.aux'.

LaTeX Font Info:    Checking defaults for OML/cmm/m/it on input line 191.
LaTeX Font Info:    ... okay on input line 191.
LaTeX Font Info:    Checking defaults for T1/cmr/m/n on input line 191.
LaTeX Font Info:    ... okay on input line 191.
LaTeX Font Info:    Checking defaults for OT1/cmr/m/n on input line 191.
LaTeX Font Info:    ... okay on input line 191.
LaTeX Font Info:    Checking defaults for OMS/pzccm/m/n on input line 191.
LaTeX Font Info:    Try loading font information for OMS+pzccm on input line 19
1.

(/usr/share/texmf-texlive/tex/latex/psnfss/omspzccm.fd
File: omspzccm.fd 2000/01/03 Fontinst v1.801 font definitions for OMS/pzccm.
)
LaTeX Font Info:    ... okay on input line 191.
LaTeX Font Info:    Checking defaults for OMX/cmex/m/n on input line 191.
LaTeX Font Info:    ... okay on input line 191.
LaTeX Font Info:    Checking defaults for U/cmr/m/n on input line 191.
LaTeX Font Info:    ... okay on input line 191.
LaTeX Font Info:    Checking defaults for PD1/pdf/m/n on input line 191.
LaTeX Font Info:    ... okay on input line 191.

(/usr/share/texmf/tex/context/base/supp-pdf.mkii
[Loading MPS to PDF converter (version 2006.09.02).]
\scratchcounter=\count125
\scratchdimen=\dimen132
\scratchbox=\box32
\nofMPsegments=\count126
\nofMParguments=\count127
\everyMPshowfont=\toks29
\MPscratchCnt=\count128
\MPscratchDim=\dimen133
\MPnumerator=\count129
\everyMPtoPDFconversion=\toks30
)
Package hyperref Info: Link coloring OFF on input line 191.
 (/usr/share/texmf-texlive/tex/latex/hyperref/nameref.sty
Package: nameref 2007/05/29 v2.31 Cross-referencing by name of section

(/usr/share/texmf-texlive/tex/latex/oberdiek/refcount.sty
Package: refcount 2008/08/11 v3.1 Data extraction from references (HO)
)
\c@section@level=\count130
)
LaTeX Info: Redefining \ref on input line 191.
LaTeX Info: Redefining \pageref on input line 191.
 (./principal.out)
(./principal.out)
\@outlinefile=\write4
\openout4 = `principal.out'.

\AtBeginShipoutBox=\box33
Package hyperref Info: *** compatibility with harvard ****  on input line 191.
\c@lstlisting=\count131
\openout2 = `rosto.aux'.

 (./rosto.tex
(/usr/share/texmf-texlive/tex/latex/psnfss/ot1ptmcm.fd)
(/usr/share/texmf-texlive/tex/latex/psnfss/omlptmcm.fd)
(/usr/share/texmf-texlive/tex/latex/psnfss/omxpsycm.fd)
<LogoUFRN.jpg, id=182, 49.6254pt x 57.3342pt> <use LogoUFRN.jpg>
<use LogoUFRN.jpg>
File: LogoUFRN.jpg Graphic file (type jpg)
 <use LogoUFRN.jpg>
LaTeX Font Info:    Font shape `T1/ptm/bx/n' in size <20.74> not available
(Font)              Font shape `T1/ptm/b/n' tried instead on input line 37.
LaTeX Font Info:    Font shape `T1/ptm/bx/n' in size <17.28> not available
(Font)              Font shape `T1/ptm/b/n' tried instead on input line 43.
LaTeX Font Info:    Font shape `T1/ptm/bx/n' in size <12> not available
(Font)              Font shape `T1/ptm/b/n' tried instead on input line 61.
LaTeX Font Info:    Font shape `OT1/ptm/bx/n' in size <12> not available
(Font)              Font shape `OT1/ptm/b/n' tried instead on input line 61.
LaTeX Font Info:    Font shape `OT1/ptm/bx/n' in size <9> not available
(Font)              Font shape `OT1/ptm/b/n' tried instead on input line 61.
LaTeX Font Info:    Font shape `OT1/ptm/bx/n' in size <7> not available
(Font)              Font shape `OT1/ptm/b/n' tried instead on input line 61.
 [1



{/var/lib/texmf/fonts/map/pdftex/updmap/pdftex.map} <./LogoUFRN.jpg>])
\openout2 = `preambulo.aux'.

 (./preambulo.texpdfTeX warning (ext4): destination with the same identifier (n
ame{page.1}) has been already used, duplicate ignored
<to be read again> 
                   \relax 
l.53 \end{titlepage}
                     [1



]pdfTeX warning (ext4): destination with the same identifier (name{page.1}) has
 been already used, duplicate ignored
<to be read again> 
                   \relax 
l.80 \end{titlepage}
                     [1

]
LaTeX Font Info:    Font shape `T1/ptm/bx/n' in size <24.88> not available
(Font)              Font shape `T1/ptm/b/n' tried instead on input line 90.
)pdfTeX warning (ext4): destination with the same identifier (name{page.1}) has
 been already used, duplicate ignored
<to be read again> 
                   \relax 
l.212 \include{preambulo}
                          [1

]
\openout2 = `resumos.aux'.

 (./resumos.tex [2



]) [3

] (./principal.toc [1



])
\tf@toc=\write5
\openout5 = `principal.toc'.


[2] (./principal.lof)
\tf@lof=\write6
\openout6 = `principal.lof'.

 [3


] (./principal.lot)
\tf@lot=\write7
\openout7 = `principal.lot'.

 [4


] (./principal.lol)
\tf@lol=\write8
\openout8 = `principal.lol'.

 [5


]
\openout2 = `capitulo1/introducao.aux'.


(./capitulo1/introducao.tex
Cap\'{\i }tulo 1.
pdfTeX warning (ext4): destination with the same identifier (name{page.1}) has 
been already used, duplicate ignored
<to be read again> 
                   \relax 
l.16 
      [1



]
LaTeX Font Info:    Font shape `T1/ptm/bx/n' in size <14.4> not available
(Font)              Font shape `T1/ptm/b/n' tried instead on input line 20.
LaTeX Font Info:    Font shape `OMS/ptm/m/n' in size <12> not available
(Font)              Font shape `OMS/pzccm/m/n' tried instead on input line 28.
pdfTeX warning (ext4): destination with the same identifier (name{page.2}) has 
been already used, duplicate ignored
<to be read again> 
                   \relax 
l.37 \section{
              Estrutura do Trabalho} [2])pdfTeX warning (ext4): destination wit
h the same identifier (name{page.3}) has been already used, duplicate ignored
<to be read again> 
                   \relax 
l.278 \include{capitulo1/introducao}
                                     [3]
\openout2 = `capitulo2/capitulo2.aux'.

 (./capitulo2/capitulo2.tex
Cap\'{\i }tulo 2.
<figuras/padrao802154.jpg, id=344, 400.49625pt x 224.84pt>
File: figuras/padrao802154.jpg Graphic file (type jpg)

<use figuras/padrao802154.jpg> [4



]
<figuras/dsss.jpg, id=349, 301.125pt x 187.70125pt>
File: figuras/dsss.jpg Graphic file (type jpg)
 <use figuras/dsss.jpg>
[5 <./figuras/padrao802154.jpg>] [6 <./figuras/dsss.jpg>] [7]
<figuras/dataframe.jpg, id=366, 855.195pt x 293.095pt>
File: figuras/dataframe.jpg Graphic file (type jpg)

<use figuras/dataframe.jpg>
<figuras/ackframe.jpg, id=368, 607.26875pt x 274.02374pt>
File: figuras/ackframe.jpg Graphic file (type jpg)

<use figuras/ackframe.jpg>
<figuras/maccommandframe.jpg, id=370, 820.06375pt x 283.0575pt>
File: figuras/maccommandframe.jpg Graphic file (type jpg)

<use figuras/maccommandframe.jpg>
<figuras/beaconframe.jpg, id=372, 778.91pt x 325.215pt>
File: figuras/beaconframe.jpg Graphic file (type jpg)

<use figuras/beaconframe.jpg> [8 <./figuras/dataframe.jpg> <./figuras/ackframe.
jpg>] <figuras/superframe.jpg, id=380, 505.89pt x 400.49625pt>
File: figuras/superframe.jpg Graphic file (type jpg)

<use figuras/superframe.jpg> [9 <./figuras/maccommandframe.jpg> <./figuras/beac
onframe.jpg> <./figuras/superframe.jpg>]
Overfull \hbox (1.66179pt too wide) in paragraph at lines 171--174
[]\T1/ptm/m/n/12 O Zig-Bee nada mais é do que um dos mui-tos pro-to-co-los que 
uti-li-zam o pa-drão 802.15.4
 []

[10]

! Package inputenc Error: Keyboard character used is undefined
(inputenc)                in inputencoding `latin1'.

See the inputenc package documentation for explanation.
Type  H <return>  for immediate help.
 ...                                              
                                                  
l.191 ...anto, em caso contrário, o roteador irá “
                                                  bufferizar” o pacote até q...

You need to provide a definition with \DeclareInputText 
or \DeclareInputMath before using this key.


! Package inputenc Error: Keyboard character used is undefined
(inputenc)                in inputencoding `latin1'.

See the inputenc package documentation for explanation.
Type  H <return>  for immediate help.
 ...                                              
                                                  
l.191 ...so contrário, o roteador irá “bufferizar”
                                                   o pacote até que o dispos...

You need to provide a definition with \DeclareInputText 
or \DeclareInputMath before using this key.

[11] <figuras/TopologiaZigBee.jpg, id=394, 583.17876pt x 301.125pt>
File: figuras/TopologiaZigBee.jpg Graphic file (type jpg)

<use figuras/TopologiaZigBee.jpg> [12] [13 <./figuras/TopologiaZigBee.jpg>]
[14] <figuras/mac802154_0med.jpg, id=408, 501.875pt x 101.37875pt>
File: figuras/mac802154_0med.jpg Graphic file (type jpg)

<use figuras/mac802154_0med.jpg> [15 <./figuras/mac802154_0med.jpg>]
<figuras/mac8021540med.jpg, id=413, 501.875pt x 279.0425pt>
File: figuras/mac8021540med.jpg Graphic file (type jpg)

<use figuras/mac8021540med.jpg>
LaTeX Font Info:    Font shape `OT1/ptm/bx/n' in size <10> not available
(Font)              Font shape `OT1/ptm/b/n' tried instead on input line 311.
LaTeX Font Info:    Font shape `OT1/ptm/bx/n' in size <7.4> not available
(Font)              Font shape `OT1/ptm/b/n' tried instead on input line 311.

Overfull \hbox (38.95535pt too wide) in paragraph at lines 311--331
 [][] 
 []

[16 <./figuras/mac8021540med.jpg>]
<figuras/mac802154.jpg, id=418, 501.875pt x 288.07625pt>
File: figuras/mac802154.jpg Graphic file (type jpg)

<use figuras/mac802154.jpg> [17 <./figuras/mac802154.jpg>] [18]
<figuras/modocomercial.jpg, id=427, 423.5825pt x 376.40625pt>
File: figuras/modocomercial.jpg Graphic file (type jpg)

<use figuras/modocomercial.jpg>
<figuras/modoresidencial.jpg, id=428, 501.875pt x 285.065pt>
File: figuras/modoresidencial.jpg Graphic file (type jpg)

<use figuras/modoresidencial.jpg>) [19] [20 <./figuras/modocomercial.jpg> <./fi
guras/modoresidencial.jpg>]
\openout2 = `capitulo3/capitulo3.aux'.

 (./capitulo3/capitulo3.tex
Cap\'{\i }tulo 3.

Overfull \hbox (13.79623pt too wide) in paragraph at lines 23--24
[]\T1/ptm/m/n/12 10 in-ter-rup-ções dis-po-ní-veis (Ti-mers, Ex-terna, Mu-dança
 de Es-tado, EE-PROM, USART,
 []

[21



] <figuras/PIC16F628A.jpg, id=442, 307.90031pt x 205.5178pt>
File: figuras/PIC16F628A.jpg Graphic file (type jpg)

<use figuras/PIC16F628A.jpg> [22 <./figuras/PIC16F628A.jpg>]
Overfull \hbox (6.12785pt too wide) in paragraph at lines 58--59
[]\T1/ptm/b/n/12 Tipo de os-ci-la-dor: \T1/ptm/m/n/12 Exis-tem dois gru-pos de 
os-ci-la-do-res para uso com o PIC16F628A:
 []

[23] <figuras/tatosensor.jpg, id=453, 996.72375pt x 602.25pt>
File: figuras/tatosensor.jpg Graphic file (type jpg)

<use figuras/tatosensor.jpg> [24 <./figuras/tatosensor.jpg>] [25]
<figuras/ondasensor.jpg, id=462, 523.9575pt x 260.975pt>
File: figuras/ondasensor.jpg Graphic file (type jpg)

<use figuras/ondasensor.jpg>) [26 <./figuras/ondasensor.jpg>]
\openout2 = `capitulo4/capitulo4.aux'.


(./capitulo4/capitulo4.tex
Cap\'{\i }tulo 4.
<figuras/modelogeral.jpg, id=468, 432.86719pt x 304.88907pt>
File: figuras/modelogeral.jpg Graphic file (type jpg)

<use figuras/modelogeral.jpg> [27



] [28 <./figuras/modelogeral.jpg>]

! Package inputenc Error: Keyboard character used is undefined
(inputenc)                in inputencoding `latin1'.

See the inputenc package documentation for explanation.
Type  H <return>  for immediate help.
 ...                                              
                                                  
l.44 ... atribuirá ela a uma variável denominada “
                                                  tempo”. Essa variável é, p...

You need to provide a definition with \DeclareInputText 
or \DeclareInputMath before using this key.


! Package inputenc Error: Keyboard character used is undefined
(inputenc)                in inputencoding `latin1'.

See the inputenc package documentation for explanation.
Type  H <return>  for immediate help.
 ...                                              
                                                  
l.44 ...uirá ela a uma variável denominada “tempo”
                                                  . Essa variável é, portant...

You need to provide a definition with \DeclareInputText 
or \DeclareInputMath before using this key.

<figuras/codigointerrupt.jpg, id=478, 344.28625pt x 330.23375pt>
File: figuras/codigointerrupt.jpg Graphic file (type jpg)

<use figuras/codigointerrupt.jpg>
<figuras/fluxograma_pic.jpg, id=480, 462.97969pt x 455.45157pt>
File: figuras/fluxograma_pic.jpg Graphic file (type jpg)

<use figuras/fluxograma_pic.jpg> [29 <./figuras/codigointerrupt.jpg>] [30 <./fi
guras/fluxograma_pic.jpg>]
Overfull \hbox (12.03403pt too wide) in paragraph at lines 102--103
[]\T1/ptm/b/n/12 Topologia de Rede: \T1/ptm/m/n/12 Peer-to-peer(Par-a-par), pon
to-a-ponto, ponto-a-multiponto
 []

<figuras/conbee.jpg, id=490, 357.335pt x 127.47626pt>
File: figuras/conbee.jpg Graphic file (type jpg)
 <use figuras/conbee.jpg>
[31] <figuras/conbee2.jpg, id=495, 374.14781pt x 138.5175pt>
File: figuras/conbee2.jpg Graphic file (type jpg)

<use figuras/conbee2.jpg>
<figuras/printprograma.JPG, id=496, 375.65344pt x 270.25969pt>
File: figuras/printprograma.JPG Graphic file (type jpg)

<use figuras/printprograma.JPG> [32 <./figuras/conbee.jpg> <./figuras/conbee2.j
pg>] <figuras/fluxograma_java.jpg, id=503, 491.58656pt x 331.99031pt>
File: figuras/fluxograma_java.jpg Graphic file (type jpg)

<use figuras/fluxograma_java.jpg>) [33 <./figuras/printprograma.JPG>] [34 <./fi
guras/fluxograma_java.jpg>]
\openout2 = `capitulo5/conclusao.aux'.

 (./capitulo5/conclusao.tex
Cap\'{\i }tulo 5.

Package hyperref Warning: Difference (2) between bookmark levels is greater 
(hyperref)                than one, level fixed on input line 4.

[35



]) [36] (./principal.bbl
Underfull \hbox (badness 10000) in paragraph at lines 15--15
[]| | \T1/ptm/m/n/12 Ele-trô-ni-cos, Tato Equi-pa-men-tos (2010), `Me-dindo dis
-tân-cias por ul-tra-som',
 []

) [37


]
\openout2 = `apendice/apendice.aux'.

 (./apendice/apendice.tex
Ap\^endice A.
(/usr/share/texmf-texlive/tex/latex/listings/lstlang1.sty
File: lstlang1.sty 2004/09/05 1.3 listings language file
)
(/usr/share/texmf-texlive/tex/latex/listings/lstmisc.sty
File: lstmisc.sty 2007/02/22 1.4 (Carsten Heinz)
)
Package hyperref Info: bookmark level for unknown lstlisting defaults to 0 on i
nput line 9.
 (./codigos/Sensor.c
LaTeX Font Info:    Font shape `OMS/ptm/m/it' in size <10> not available
(Font)              Font shape `OMS/pzccm/m/n' tried instead on input line 1.
LaTeX Font Info:    Font shape `T1/ptm/bx/n' in size <10> not available
(Font)              Font shape `T1/ptm/b/n' tried instead on input line 2.

[38


] [39]) (/usr/share/texmf-texlive/tex/latex/listings/lstlang1.sty
File: lstlang1.sty 2004/09/05 1.3 listings language file
)
(./codigos/CheckVaga.java [40]
LaTeX Font Info:    Font shape `OMS/ptm/m/n' in size <10> not available
(Font)              Font shape `OMS/pzccm/m/n' tried instead on input line 33.
 [41] [42] [43] [44] [45])) [46] (./principal.aux (./rosto.aux) (./preambulo.au
x) (./resumos.aux) (./capitulo1/introducao.aux)
(./capitulo2/capitulo2.aux) (./capitulo3/capitulo3.aux)
(./capitulo4/capitulo4.aux) (./capitulo5/conclusao.aux)
(./apendice/apendice.aux))

LaTeX Warning: Label(s) may have changed. Rerun to get cross-references right.

 ) 
Here is how much of TeX's memory you used:
 9163 strings out of 495041
 126721 string characters out of 1181897
 373158 words of memory out of 3000000
 11582 multiletter control sequences out of 15000+50000
 87119 words of font info for 111 fonts, out of 3000000 for 9000
 30 hyphenation exceptions out of 8191
 53i,12n,54p,1162b,1937s stack positions out of 5000i,500n,10000p,200000b,50000s
{/usr/share/texmf-texlive/fonts/enc/dvips/base/8r.enc}</usr/share/texmf-texli
ve/fonts/type1/public/amsfonts/cm/cmmi10.pfb></usr/share/texmf-texlive/fonts/ty
pe1/public/amsfonts/cm/cmsy10.pfb></usr/share/texmf-texlive/fonts/type1/urw/cou
rier/ucrr8a.pfb></usr/share/texmf-texlive/fonts/type1/urw/helvetic/uhvr8a.pfb><
/usr/share/texmf-texlive/fonts/type1/urw/times/utmb8a.pfb></usr/share/texmf-tex
live/fonts/type1/urw/times/utmr8a.pfb></usr/share/texmf-texlive/fonts/type1/urw
/times/utmr8a.pfb></usr/share/texmf-texlive/fonts/type1/urw/times/utmri8a.pfb>
Output written on principal.pdf (57 pages, 963545 bytes).
PDF statistics:
 1003 PDF objects out of 1200 (max. 8388607)
 449 named destinations out of 1000 (max. 500000)
 481 words of extra memory for PDF output out of 10000 (max. 10000000)

