
ROM used: 179 (9%)
          179 (9%) including unused fragments

          1 Average locations per line
          3 Average locations per statement

RAM used: 20 (9%) at main() level
          21 (9%) worst case

Stack used: 1 worst case (out of 7 total available)

Lines Stmts  %   Files
----- ----- ---  -----
  109    55 100  Sensor.c
  206     0   0  ..\..\..\..\Arquivos de programas\PICC\devices\16F628A.h
----- -----
  315    55 Total

Page ROM  %  RAM   Vol Diff  Functions:
---- --- --- ---   --- ----  ----------
 Inline        1             @delay_ms1
0     40  22   0   160  3.1  pulsin
0     88  49   0   993  4.4  MAIN

Program metrics:
    Functions               2
    Statements              55
    Comments                73
    Volume (V)              1290
    Difficilty (D)          7.5
    Effort to implement (E) 9731
    Time to implement (T)   9 minutes
    Est Delivered Bugs (B)  0
    Cyclomatic Complexity   5
    Maintainability (MI)    86

 Segment     Used  Free
-----------  ----  ----
00000-00003     4  0  
00004-00032    47  0  
00033-007FF   128  1869  



